<?xml version="1.0" encoding="UTF-8"?>
<!-- Generated by org.testng.reporters.JUnitReportReporter -->
<testsuite hostname="DESKTOP-U1FRHHN" failures="0" tests="2" name="SeleniumRevision.POMStandAloneTest" time="67.071" errors="0" timestamp="2025-09-30T14:05:27 IST" skipped="0">
  <testcase classname="SeleniumRevision.POMStandAloneTest" name="submitOrder" time="25.238"/>
  <testcase classname="SeleniumRevision.POMStandAloneTest" name="submitOrder" time="41.833"/>
</testsuite> <!-- SeleniumRevision.POMStandAloneTest -->
