<?xml version="1.0" encoding="UTF-8"?>
<!-- Generated by org.testng.reporters.JUnitReportReporter -->
<testsuite hostname="DESKTOP-U1FRHHN" failures="0" tests="1" name="SeleniumRevision.ErrorValidationsTest" time="15.923" errors="0" timestamp="2025-09-30T21:36:55 IST" skipped="0">
  <testcase classname="SeleniumRevision.ErrorValidationsTest" name="loginErrorValidations" time="15.923"/>
</testsuite> <!-- SeleniumRevision.ErrorValidationsTest -->
