<?xml version="1.0" encoding="UTF-8"?>
<!-- Generated by org.testng.reporters.JUnitReportReporter -->
<testsuite hostname="DESKTOP-U1FRHHN" failures="0" tests="2" name="SeleniumRevision.ErrorValidations" time="25.474" errors="0" timestamp="2025-09-17T18:03:12 IST" skipped="0">
  <testcase classname="SeleniumRevision.ErrorValidations" name="loginErrorValidations" time="5.787"/>
  <testcase classname="SeleniumRevision.ErrorValidations" name="ProductErrorValidations" time="19.687"/>
</testsuite> <!-- SeleniumRevision.ErrorValidations -->
