<?xml version="1.0" encoding="UTF-8"?>
<!-- Generated by org.testng.reporters.JUnitReportReporter -->
<testsuite hostname="DESKTOP-U1FRHHN" failures="0" tests="2" name="Selenium.ErrorValidationsTest" time="28.659" errors="0" timestamp="2025-10-01T23:04:35 IST" skipped="0">
  <testcase classname="Selenium.ErrorValidationsTest" name="ProductErrorValidations" time="19.760"/>
  <testcase classname="Selenium.ErrorValidationsTest" name="loginErrorValidations" time="8.899"/>
</testsuite> <!-- Selenium.ErrorValidationsTest -->
