<?xml version="1.0" encoding="UTF-8"?>
<!-- Generated by org.testng.reporters.JUnitReportReporter -->
<testsuite hostname="DESKTOP-U1FRHHN" failures="0" tests="2" name="SeleniumRevision.ErrorValidationsTest" time="36.077" errors="0" timestamp="2025-10-01T22:52:53 IST" skipped="0">
  <testcase classname="SeleniumRevision.ErrorValidationsTest" name="ProductErrorValidations" time="24.158"/>
  <testcase classname="SeleniumRevision.ErrorValidationsTest" name="loginErrorValidations" time="11.919"/>
</testsuite> <!-- SeleniumRevision.ErrorValidationsTest -->
