<?xml version="1.0" encoding="UTF-8"?>
<!-- Generated by org.testng.reporters.JUnitReportReporter -->
<testsuite hostname="DESKTOP-U1FRHHN" failures="0" tests="3" name="Selenium.POMStandAloneTest" time="62.474" errors="0" timestamp="2025-10-01T23:04:35 IST" skipped="0">
  <testcase classname="Selenium.POMStandAloneTest" name="submitOrder" time="24.931"/>
  <testcase classname="Selenium.POMStandAloneTest" name="submitOrder" time="24.461"/>
  <testcase classname="Selenium.POMStandAloneTest" name="verifyProductInOrdersPage" time="13.082"/>
</testsuite> <!-- Selenium.POMStandAloneTest -->
