<?xml version="1.0" encoding="UTF-8"?>
<!-- Generated by org.testng.reporters.JUnitReportReporter -->
<testsuite hostname="DESKTOP-U1FRHHN" failures="0" tests="3" name="SeleniumRevision.POMStandAloneTest" time="71.782" errors="0" timestamp="2025-10-01T22:52:53 IST" skipped="0">
  <testcase classname="SeleniumRevision.POMStandAloneTest" name="verifyProductInOrdersPage" time="16.832"/>
  <testcase classname="SeleniumRevision.POMStandAloneTest" name="submitOrder" time="28.040"/>
  <testcase classname="SeleniumRevision.POMStandAloneTest" name="submitOrder" time="26.910"/>
</testsuite> <!-- SeleniumRevision.POMStandAloneTest -->
